#
# There is insufficient memory for the Java Runtime Environment to continue.
# Native memory allocation (malloc) failed to allocate 2097152 bytes for AllocateHeap
# Possible reasons:
#   The system is out of physical RAM or swap space
#   The process is running with CompressedOops enabled, and the Java Heap may be blocking the growth of the native heap
# Possible solutions:
#   Reduce memory load on the system
#   Increase physical memory or swap space
#   Check if swap backing store is full
#   Decrease Java heap size (-Xmx/-Xms)
#   Decrease number of Java threads
#   Decrease Java thread stack sizes (-Xss)
#   Set larger code cache with -XX:ReservedCodeCacheSize=
#   JVM is running with Unscaled Compressed Oops mode in which the Java heap is
#     placed in the first 4GB address space. The Java Heap base address is the
#     maximum limit for the native heap growth. Please use -XX:HeapBaseMinAddress
#     to set the Java Heap base and to place the Java Heap above 4GB virtual address.
# This output file may be truncated or incomplete.
#
#  Out of Memory Error (allocation.cpp:44), pid=27816, tid=15148
#
# JRE version: OpenJDK Runtime Environment Temurin-17.0.7+7 (17.0.7+7) (build 17.0.7+7)
# Java VM: OpenJDK 64-Bit Server VM Temurin-17.0.7+7 (17.0.7+7, mixed mode, emulated-client, tiered, compressed oops, compressed class ptrs, g1 gc, windows-amd64)
# No core dump will be written. Minidumps are not enabled by default on client versions of Windows
#

---------------  S U M M A R Y ------------

Command Line: -XX:+HeapDumpOnOutOfMemoryError -Xmx1024m -Dsts.lsp.client=vscode -Dsts.log.file=/dev/null -XX:TieredStopAtLevel=1 -Xlog:jni+resolve=off -Dspring.config.location=file:c:\Users\雖團\.vscode\extensions\vmware.vscode-spring-boot-1.48.0\language-server\BOOT-INF\classes\application.properties org.springframework.ide.vscode.boot.app.BootLanguageServerBootApp

Host: 11th Gen Intel(R) Core(TM) i5-1135G7 @ 2.40GHz, 8 cores, 7G,  Windows 11 , 64 bit Build 22621 (10.0.22621.2070)
Time: Fri Aug 18 14:31:07 2023  Windows 11 , 64 bit Build 22621 (10.0.22621.2070) elapsed time: 14776.156782 seconds (0d 4h 6m 16s)

---------------  T H R E A D  ---------------

Current thread (0x000001e8b3e39f50):  VMThread "VM Thread" [stack: 0x000000828b900000,0x000000828ba00000] [id=15148]

Stack: [0x000000828b900000,0x000000828ba00000]
Native frames: (J=compiled Java code, j=interpreted, Vv=VM code, C=native code)
V  [jvm.dll+0x67754a]
V  [jvm.dll+0x834304]
V  [jvm.dll+0x835aae]
V  [jvm.dll+0x836113]
V  [jvm.dll+0x24696f]
V  [jvm.dll+0xa681f]
V  [jvm.dll+0x2f7481]
V  [jvm.dll+0x2f30f0]
V  [jvm.dll+0x2db6c7]
V  [jvm.dll+0x31e777]
V  [jvm.dll+0x83a5bb]
V  [jvm.dll+0x83b2f4]
V  [jvm.dll+0x83b80c]
V  [jvm.dll+0x83bbe4]
V  [jvm.dll+0x83bcb0]
V  [jvm.dll+0x7e4e7a]
V  [jvm.dll+0x676395]
C  [ucrtbase.dll+0x29363]
C  [KERNEL32.DLL+0x126ad]
C  [ntdll.dll+0x5aa68]

VM_Operation (0x000000828d2fe880): G1CollectFull, mode: safepoint, requested by thread 0x000001e8b8ac3e30


---------------  P R O C E S S  ---------------

Threads class SMR info:
_java_thread_list=0x000001e8bda76d50, length=28, elements={
0x000001e8b3e5d260, 0x000001e8b3e5fd30, 0x000001e8b3e97190, 0x000001e8b8022010,
0x000001e8b80248e0, 0x000001e8b80251a0, 0x000001e8b8025a60, 0x000001e8b3e79d30,
0x000001e8b821b030, 0x000001e8b8232190, 0x000001e8bc215730, 0x000001e8bbced620,
0x000001e8b8ac3e30, 0x000001e8b8add620, 0x000001e8a70854f0, 0x000001e8bc3dbfa0,
0x000001e8bc41cd90, 0x000001e8bc6a3cc0, 0x000001e8bc6a37f0, 0x000001e8bc6a59a0,
0x000001e8bc6a2980, 0x000001e8bc6a4190, 0x000001e8bc6a6340, 0x000001e8bc6a1640,
0x000001e8bc6a1fe0, 0x000001e8bc6a5e70, 0x000001e8bc69fe30, 0x000001e8bd983f00
}

Java Threads: ( => current thread )
  0x000001e8b3e5d260 JavaThread "Reference Handler" daemon [_thread_blocked, id=25008, stack(0x000000828ba00000,0x000000828bb00000)]
  0x000001e8b3e5fd30 JavaThread "Finalizer" daemon [_thread_blocked, id=9188, stack(0x000000828bb00000,0x000000828bc00000)]
  0x000001e8b3e97190 JavaThread "Signal Dispatcher" daemon [_thread_blocked, id=3240, stack(0x000000828bc00000,0x000000828bd00000)]
  0x000001e8b8022010 JavaThread "Attach Listener" daemon [_thread_blocked, id=9692, stack(0x000000828bd00000,0x000000828be00000)]
  0x000001e8b80248e0 JavaThread "Service Thread" daemon [_thread_blocked, id=19128, stack(0x000000828be00000,0x000000828bf00000)]
  0x000001e8b80251a0 JavaThread "Monitor Deflation Thread" daemon [_thread_blocked, id=5928, stack(0x000000828bf00000,0x000000828c000000)]
  0x000001e8b8025a60 JavaThread "C1 CompilerThread0" daemon [_thread_blocked, id=15088, stack(0x000000828c000000,0x000000828c100000)]
  0x000001e8b3e79d30 JavaThread "Sweeper thread" daemon [_thread_blocked, id=20572, stack(0x000000828c100000,0x000000828c200000)]
  0x000001e8b821b030 JavaThread "Notification Thread" daemon [_thread_blocked, id=1640, stack(0x000000828c300000,0x000000828c400000)]
  0x000001e8b8232190 JavaThread "Common-Cleaner" daemon [_thread_blocked, id=13652, stack(0x000000828c500000,0x000000828c600000)]
  0x000001e8bc215730 JavaThread "boundedElastic-evictor-1" daemon [_thread_blocked, id=30292, stack(0x000000828cd00000,0x000000828ce00000)]
  0x000001e8bbced620 JavaThread "boundedElastic-evictor-2" daemon [_thread_blocked, id=22636, stack(0x000000828d100000,0x000000828d200000)]
  0x000001e8b8ac3e30 JavaThread "pool-11-thread-1" [_thread_blocked, id=18672, stack(0x000000828d200000,0x000000828d300000)]
  0x000001e8b8add620 JavaThread "LanguageServerApp-lifecycle" [_thread_blocked, id=19036, stack(0x000000828d300000,0x000000828d400000)]
  0x000001e8a70854f0 JavaThread "DestroyJavaVM" [_thread_blocked, id=25872, stack(0x000000828b300000,0x000000828b400000)]
  0x000001e8bc3dbfa0 JavaThread "pool-12-thread-1" [_thread_in_native, id=22644, stack(0x000000828d400000,0x000000828d500000)]
  0x000001e8bc41cd90 JavaThread "Simple-Language-Server main thread" daemon [_thread_blocked, id=14460, stack(0x000000828d500000,0x000000828d600000)]
  0x000001e8bc6a3cc0 JavaThread "parallel-1" daemon [_thread_blocked, id=27736, stack(0x000000828e800000,0x000000828e900000)]
  0x000001e8bc6a37f0 JavaThread "pool-5-thread-1" [_thread_blocked, id=25656, stack(0x000000828ed00000,0x000000828ee00000)]
  0x000001e8bc6a59a0 JavaThread "parallel-2" daemon [_thread_blocked, id=17100, stack(0x000000828ee00000,0x000000828ef00000)]
  0x000001e8bc6a2980 JavaThread "parallel-3" daemon [_thread_blocked, id=25704, stack(0x000000828ce00000,0x000000828cf00000)]
  0x000001e8bc6a4190 JavaThread "parallel-4" daemon [_thread_blocked, id=10840, stack(0x000000828da00000,0x000000828db00000)]
  0x000001e8bc6a6340 JavaThread "Reconciler-1" daemon [_thread_blocked, id=9020, stack(0x000000828db00000,0x000000828dc00000)]
  0x000001e8bc6a1640 JavaThread "parallel-5" daemon [_thread_blocked, id=2224, stack(0x000000828b200000,0x000000828b300000)]
  0x000001e8bc6a1fe0 JavaThread "parallel-6" daemon [_thread_blocked, id=29772, stack(0x000000828c200000,0x000000828c300000)]
  0x000001e8bc6a5e70 JavaThread "parallel-7" daemon [_thread_blocked, id=1844, stack(0x000000828cf00000,0x000000828d000000)]
  0x000001e8bc69fe30 JavaThread "parallel-8" daemon [_thread_blocked, id=30192, stack(0x000000828d600000,0x000000828d700000)]
  0x000001e8bd983f00 JavaThread "pool-7-thread-1" [_thread_blocked, id=29820, stack(0x000000828b000000,0x000000828b100000)]

Other Threads:
=>0x000001e8b3e39f50 VMThread "VM Thread" [stack: 0x000000828b900000,0x000000828ba00000] [id=15148]
  0x000001e8b821b500 WatcherThread [stack: 0x000000828c400000,0x000000828c500000] [id=19772]
  0x000001e8a70c3890 GCTaskThread "GC Thread#0" [stack: 0x000000828b400000,0x000000828b500000] [id=15792]
  0x000001e8b8125550 GCTaskThread "GC Thread#1" [stack: 0x000000828c600000,0x000000828c700000] [id=16532]
  0x000001e8bb8f2c90 GCTaskThread "GC Thread#2" [stack: 0x000000828c700000,0x000000828c800000] [id=23920]
  0x000001e8b80938b0 GCTaskThread "GC Thread#3" [stack: 0x000000828c800000,0x000000828c900000] [id=29468]
  0x000001e8b8aa5670 GCTaskThread "GC Thread#4" [stack: 0x000000828c900000,0x000000828ca00000] [id=26116]
  0x000001e8b8aa5920 GCTaskThread "GC Thread#5" [stack: 0x000000828ca00000,0x000000828cb00000] [id=12384]
  0x000001e8bbaa8ef0 GCTaskThread "GC Thread#6" [stack: 0x000000828cb00000,0x000000828cc00000] [id=25476]
  0x000001e8bbaa91a0 GCTaskThread "GC Thread#7" [stack: 0x000000828cc00000,0x000000828cd00000] [id=29628]
  0x000001e8a70cd6f0 ConcurrentGCThread "G1 Main Marker" [stack: 0x000000828b500000,0x000000828b600000] [id=25236]
  0x000001e8a70ce010 ConcurrentGCThread "G1 Conc#0" [stack: 0x000000828b600000,0x000000828b700000] [id=21404]
  0x000001e8bbcc5860 ConcurrentGCThread "G1 Conc#1" [stack: 0x000000828d000000,0x000000828d100000] [id=30016]
  0x000001e8a7133050 ConcurrentGCThread "G1 Refine#0" [stack: 0x000000828b700000,0x000000828b800000] [id=17812]
  0x000001e8bc47dac0 ConcurrentGCThread "G1 Refine#1" [stack: 0x000000828eb00000,0x000000828ec00000] [id=24328]
  0x000001e8bc711080 ConcurrentGCThread "G1 Refine#2" [stack: 0x000000828ec00000,0x000000828ed00000] [id=27952]
  0x000001e8bd06f2a0 ConcurrentGCThread "G1 Refine#3" [stack: 0x000000828f000000,0x000000828f100000] [id=1524]
  0x000001e8bd441d30 ConcurrentGCThread "G1 Refine#4" [stack: 0x000000828f300000,0x000000828f400000] [id=26844]
  0x000001e8bd443150 ConcurrentGCThread "G1 Refine#5" [stack: 0x000000828f400000,0x000000828f500000] [id=4716]
  0x000001e8b89d95c0 ConcurrentGCThread "G1 Refine#6" [stack: 0x000000828d800000,0x000000828d900000] [id=29756]
  0x000001e8a7133980 ConcurrentGCThread "G1 Service" [stack: 0x000000828b800000,0x000000828b900000] [id=27728]

Threads with active compile tasks:

VM state: at safepoint (normal execution)

VM Mutex/Monitor currently owned by a thread:  ([mutex/lock_event])
[0x000001e8a6f5c360] Threads_lock - owner thread: 0x000001e8b3e39f50
[0x000001e8a7082610] Heap_lock - owner thread: 0x000001e8b8ac3e30

Heap address: 0x00000000c0000000, size: 1024 MB, Compressed Oops mode: 32-bit

CDS archive(s) not mapped
Compressed class space mapped at: 0x0000000100000000-0x0000000140000000, reserved size: 1073741824
Narrow klass base: 0x0000000000000000, Narrow klass shift: 3, Narrow klass range: 0x140000000

GC Precious Log:
 CPUs: 8 total, 8 available
 Memory: 7900M
 Large Page Support: Disabled
 NUMA Support: Disabled
 Compressed Oops: Enabled (32-bit)
 Heap Region Size: 1M
 Heap Min Capacity: 8M
 Heap Initial Capacity: 124M
 Heap Max Capacity: 1G
 Pre-touch: Disabled
 Parallel Workers: 8
 Concurrent Workers: 2
 Concurrent Refinement Workers: 8
 Periodic GC: Disabled

Heap:
 garbage-first heap   total 150528K, used 44798K [0x00000000c0000000, 0x0000000100000000)
  region size 1024K, 1 young (1024K), 0 survivors (0K)
 Metaspace       used 75194K, committed 75712K, reserved 1114112K
  class space    used 10293K, committed 10560K, reserved 1048576K

Heap Regions: E=young(eden), S=young(survivor), O=old, HS=humongous(starts), HC=humongous(continues), CS=collection set, F=free, OA=open archive, CA=closed archive, TAMS=top-at-mark-start (previous, next)
|   0|0x00000000c0000000, 0x00000000c00ffff8, 0x00000000c0100000| 99%| O|  |TAMS 0x00000000c00ffff8, 0x00000000c0000000| Untracked 
|   1|0x00000000c0100000, 0x00000000c01ffff8, 0x00000000c0200000| 99%| O|  |TAMS 0x00000000c01ffff8, 0x00000000c0100000| Untracked 
|   2|0x00000000c0200000, 0x00000000c0300000, 0x00000000c0300000|100%| O|  |TAMS 0x00000000c0300000, 0x00000000c0200000| Untracked 
|   3|0x00000000c0300000, 0x00000000c03ffff0, 0x00000000c0400000| 99%| O|  |TAMS 0x00000000c03ffff0, 0x00000000c0300000| Untracked 
|   4|0x00000000c0400000, 0x00000000c0500000, 0x00000000c0500000|100%| O|  |TAMS 0x00000000c0500000, 0x00000000c0400000| Untracked 
|   5|0x00000000c0500000, 0x00000000c05ffd00, 0x00000000c0600000| 99%| O|  |TAMS 0x00000000c05ffd00, 0x00000000c0500000| Untracked 
|   6|0x00000000c0600000, 0x00000000c06fffa8, 0x00000000c0700000| 99%| O|  |TAMS 0x00000000c06fffa8, 0x00000000c0600000| Untracked 
|   7|0x00000000c0700000, 0x00000000c0800000, 0x00000000c0800000|100%| O|  |TAMS 0x00000000c0800000, 0x00000000c0700000| Untracked 
|   8|0x00000000c0800000, 0x00000000c0900000, 0x00000000c0900000|100%| O|  |TAMS 0x00000000c0900000, 0x00000000c0800000| Untracked 
|   9|0x00000000c0900000, 0x00000000c09fffd8, 0x00000000c0a00000| 99%| O|  |TAMS 0x00000000c09fffd8, 0x00000000c0900000| Untracked 
|  10|0x00000000c0a00000, 0x00000000c0affff8, 0x00000000c0b00000| 99%| O|  |TAMS 0x00000000c0affff8, 0x00000000c0a00000| Untracked 
|  11|0x00000000c0b00000, 0x00000000c0c00000, 0x00000000c0c00000|100%| O|  |TAMS 0x00000000c0c00000, 0x00000000c0b00000| Untracked 
|  12|0x00000000c0c00000, 0x00000000c0cfffb0, 0x00000000c0d00000| 99%| O|  |TAMS 0x00000000c0cfffb0, 0x00000000c0c00000| Untracked 
|  13|0x00000000c0d00000, 0x00000000c0dfffe8, 0x00000000c0e00000| 99%| O|  |TAMS 0x00000000c0dfffe8, 0x00000000c0d00000| Untracked 
|  14|0x00000000c0e00000, 0x00000000c0effff0, 0x00000000c0f00000| 99%| O|  |TAMS 0x00000000c0effff0, 0x00000000c0e00000| Untracked 
|  15|0x00000000c0f00000, 0x00000000c0ffffe8, 0x00000000c1000000| 99%| O|  |TAMS 0x00000000c0ffffe8, 0x00000000c0f00000| Untracked 
|  16|0x00000000c1000000, 0x00000000c10ffff0, 0x00000000c1100000| 99%| O|  |TAMS 0x00000000c10ffff0, 0x00000000c1000000| Untracked 
|  17|0x00000000c1100000, 0x00000000c11ffff0, 0x00000000c1200000| 99%| O|  |TAMS 0x00000000c11ffff0, 0x00000000c1100000| Untracked 
|  18|0x00000000c1200000, 0x00000000c1300000, 0x00000000c1300000|100%| O|  |TAMS 0x00000000c1300000, 0x00000000c1200000| Untracked 
|  19|0x00000000c1300000, 0x00000000c13fffa0, 0x00000000c1400000| 99%| O|  |TAMS 0x00000000c13fffa0, 0x00000000c1300000| Untracked 
|  20|0x00000000c1400000, 0x00000000c14ffff8, 0x00000000c1500000| 99%| O|  |TAMS 0x00000000c14ffff8, 0x00000000c1400000| Untracked 
|  21|0x00000000c1500000, 0x00000000c15ffff0, 0x00000000c1600000| 99%| O|  |TAMS 0x00000000c15ffff0, 0x00000000c1500000| Untracked 
|  22|0x00000000c1600000, 0x00000000c16fffd8, 0x00000000c1700000| 99%| O|  |TAMS 0x00000000c16fffd8, 0x00000000c1600000| Untracked 
|  23|0x00000000c1700000, 0x00000000c1800000, 0x00000000c1800000|100%| O|  |TAMS 0x00000000c1800000, 0x00000000c1700000| Untracked 
|  24|0x00000000c1800000, 0x00000000c18fff70, 0x00000000c1900000| 99%| O|  |TAMS 0x00000000c18fff70, 0x00000000c1800000| Untracked 
|  25|0x00000000c1900000, 0x00000000c19ffff0, 0x00000000c1a00000| 99%| O|  |TAMS 0x00000000c19ffff0, 0x00000000c1900000| Untracked 
|  26|0x00000000c1a00000, 0x00000000c1affff0, 0x00000000c1b00000| 99%| O|  |TAMS 0x00000000c1affff0, 0x00000000c1a00000| Untracked 
|  27|0x00000000c1b00000, 0x00000000c1bffff0, 0x00000000c1c00000| 99%| O|  |TAMS 0x00000000c1bffff0, 0x00000000c1b00000| Untracked 
|  28|0x00000000c1c00000, 0x00000000c1cfffd0, 0x00000000c1d00000| 99%| O|  |TAMS 0x00000000c1cfffd0, 0x00000000c1c00000| Untracked 
|  29|0x00000000c1d00000, 0x00000000c1dffed8, 0x00000000c1e00000| 99%| O|  |TAMS 0x00000000c1dffed8, 0x00000000c1d00000| Untracked 
|  30|0x00000000c1e00000, 0x00000000c1efff58, 0x00000000c1f00000| 99%| O|  |TAMS 0x00000000c1efff58, 0x00000000c1e00000| Untracked 
|  31|0x00000000c1f00000, 0x00000000c2000000, 0x00000000c2000000|100%| O|  |TAMS 0x00000000c2000000, 0x00000000c1f00000| Untracked 
|  32|0x00000000c2000000, 0x00000000c2100000, 0x00000000c2100000|100%| O|  |TAMS 0x00000000c2100000, 0x00000000c2000000| Untracked 
|  33|0x00000000c2100000, 0x00000000c21ffff0, 0x00000000c2200000| 99%| O|  |TAMS 0x00000000c21ffff0, 0x00000000c2100000| Untracked 
|  34|0x00000000c2200000, 0x00000000c22fffd0, 0x00000000c2300000| 99%| O|  |TAMS 0x00000000c22fffd0, 0x00000000c2200000| Untracked 
|  35|0x00000000c2300000, 0x00000000c2400000, 0x00000000c2400000|100%| O|  |TAMS 0x00000000c2400000, 0x00000000c2300000| Untracked 
|  36|0x00000000c2400000, 0x00000000c24fffe8, 0x00000000c2500000| 99%| O|  |TAMS 0x00000000c24fffe8, 0x00000000c2400000| Untracked 
|  37|0x00000000c2500000, 0x00000000c25ffff8, 0x00000000c2600000| 99%| O|  |TAMS 0x00000000c25ffff8, 0x00000000c2500000| Untracked 
|  38|0x00000000c2600000, 0x00000000c26fff78, 0x00000000c2700000| 99%| O|  |TAMS 0x00000000c26fff78, 0x00000000c2600000| Untracked 
|  39|0x00000000c2700000, 0x00000000c2800000, 0x00000000c2800000|100%| O|  |TAMS 0x00000000c2800000, 0x00000000c2700000| Untracked 
|  40|0x00000000c2800000, 0x00000000c28fffe0, 0x00000000c2900000| 99%| O|  |TAMS 0x00000000c28fffe0, 0x00000000c2800000| Untracked 
|  41|0x00000000c2900000, 0x00000000c29fffc8, 0x00000000c2a00000| 99%| O|  |TAMS 0x00000000c29fffc8, 0x00000000c2900000| Untracked 
|  42|0x00000000c2a00000, 0x00000000c2ac0180, 0x00000000c2b00000| 75%| O|  |TAMS 0x00000000c2a00000, 0x00000000c2a00000| Untracked 
|  43|0x00000000c2b00000, 0x00000000c2b00068, 0x00000000c2c00000|  0%| O|  |TAMS 0x00000000c2b00000, 0x00000000c2b00000| Untracked 
|  44|0x00000000c2c00000, 0x00000000c2c00000, 0x00000000c2d00000|  0%| F|  |TAMS 0x00000000c2c00000, 0x00000000c2c00000| Untracked 
|  45|0x00000000c2d00000, 0x00000000c2dfffe8, 0x00000000c2e00000| 99%| O|  |TAMS 0x00000000c2dfffe8, 0x00000000c2d00000| Untracked 
|  46|0x00000000c2e00000, 0x00000000c2e00000, 0x00000000c2f00000|  0%| F|  |TAMS 0x00000000c2e00000, 0x00000000c2e00000| Untracked 
|  47|0x00000000c2f00000, 0x00000000c2f00000, 0x00000000c3000000|  0%| F|  |TAMS 0x00000000c2f00000, 0x00000000c2f00000| Untracked 
|  48|0x00000000c3000000, 0x00000000c3000000, 0x00000000c3100000|  0%| F|  |TAMS 0x00000000c3000000, 0x00000000c3000000| Untracked 
|  49|0x00000000c3100000, 0x00000000c3100000, 0x00000000c3200000|  0%| F|  |TAMS 0x00000000c3100000, 0x00000000c3100000| Untracked 
|  50|0x00000000c3200000, 0x00000000c3200000, 0x00000000c3300000|  0%| F|  |TAMS 0x00000000c3200000, 0x00000000c3200000| Untracked 
|  51|0x00000000c3300000, 0x00000000c3300000, 0x00000000c3400000|  0%| F|  |TAMS 0x00000000c3300000, 0x00000000c3300000| Untracked 
|  52|0x00000000c3400000, 0x00000000c3400000, 0x00000000c3500000|  0%| F|  |TAMS 0x00000000c3400000, 0x00000000c3400000| Untracked 
|  53|0x00000000c3500000, 0x00000000c3500000, 0x00000000c3600000|  0%| F|  |TAMS 0x00000000c3500000, 0x00000000c3500000| Untracked 
|  54|0x00000000c3600000, 0x00000000c3600000, 0x00000000c3700000|  0%| F|  |TAMS 0x00000000c3600000, 0x00000000c3600000| Untracked 
|  55|0x00000000c3700000, 0x00000000c3700000, 0x00000000c3800000|  0%| F|  |TAMS 0x00000000c3700000, 0x00000000c3700000| Untracked 
|  56|0x00000000c3800000, 0x00000000c3800000, 0x00000000c3900000|  0%| F|  |TAMS 0x00000000c3800000, 0x00000000c3800000| Untracked 
|  57|0x00000000c3900000, 0x00000000c3900000, 0x00000000c3a00000|  0%| F|  |TAMS 0x00000000c3900000, 0x00000000c3900000| Untracked 
|  58|0x00000000c3a00000, 0x00000000c3a00000, 0x00000000c3b00000|  0%| F|  |TAMS 0x00000000c3a00000, 0x00000000c3a00000| Untracked 
|  59|0x00000000c3b00000, 0x00000000c3b00000, 0x00000000c3c00000|  0%| F|  |TAMS 0x00000000c3b00000, 0x00000000c3b00000| Untracked 
|  60|0x00000000c3c00000, 0x00000000c3c00000, 0x00000000c3d00000|  0%| F|  |TAMS 0x00000000c3c00000, 0x00000000c3c00000| Untracked 
|  61|0x00000000c3d00000, 0x00000000c3d00000, 0x00000000c3e00000|  0%| F|  |TAMS 0x00000000c3d00000, 0x00000000c3d00000| Untracked 
|  62|0x00000000c3e00000, 0x00000000c3e00000, 0x00000000c3f00000|  0%| F|  |TAMS 0x00000000c3e00000, 0x00000000c3e00000| Untracked 
|  63|0x00000000c3f00000, 0x00000000c3f00000, 0x00000000c4000000|  0%| F|  |TAMS 0x00000000c3f00000, 0x00000000c3f00000| Untracked 
|  64|0x00000000c4000000, 0x00000000c4000000, 0x00000000c4100000|  0%| F|  |TAMS 0x00000000c4000000, 0x00000000c4000000| Untracked 
|  65|0x00000000c4100000, 0x00000000c4100000, 0x00000000c4200000|  0%| F|  |TAMS 0x00000000c4100000, 0x00000000c4100000| Untracked 
|  66|0x00000000c4200000, 0x00000000c4200000, 0x00000000c4300000|  0%| F|  |TAMS 0x00000000c4200000, 0x00000000c4200000| Untracked 
|  67|0x00000000c4300000, 0x00000000c4300000, 0x00000000c4400000|  0%| F|  |TAMS 0x00000000c4300000, 0x00000000c4300000| Untracked 
|  68|0x00000000c4400000, 0x00000000c4400000, 0x00000000c4500000|  0%| F|  |TAMS 0x00000000c4400000, 0x00000000c4400000| Untracked 
|  69|0x00000000c4500000, 0x00000000c4500000, 0x00000000c4600000|  0%| F|  |TAMS 0x00000000c4500000, 0x00000000c4500000| Untracked 
|  70|0x00000000c4600000, 0x00000000c4600000, 0x00000000c4700000|  0%| F|  |TAMS 0x00000000c4600000, 0x00000000c4600000| Untracked 
|  71|0x00000000c4700000, 0x00000000c4700000, 0x00000000c4800000|  0%| F|  |TAMS 0x00000000c4700000, 0x00000000c4700000| Untracked 
|  72|0x00000000c4800000, 0x00000000c4800000, 0x00000000c4900000|  0%| F|  |TAMS 0x00000000c4800000, 0x00000000c4800000| Untracked 
|  73|0x00000000c4900000, 0x00000000c4900000, 0x00000000c4a00000|  0%| F|  |TAMS 0x00000000c4900000, 0x00000000c4900000| Untracked 
|  74|0x00000000c4a00000, 0x00000000c4a00000, 0x00000000c4b00000|  0%| F|  |TAMS 0x00000000c4a00000, 0x00000000c4a00000| Untracked 
|  75|0x00000000c4b00000, 0x00000000c4b00000, 0x00000000c4c00000|  0%| F|  |TAMS 0x00000000c4b00000, 0x00000000c4b00000| Untracked 
|  76|0x00000000c4c00000, 0x00000000c4c00000, 0x00000000c4d00000|  0%| F|  |TAMS 0x00000000c4c00000, 0x00000000c4c00000| Untracked 
|  77|0x00000000c4d00000, 0x00000000c4d00000, 0x00000000c4e00000|  0%| F|  |TAMS 0x00000000c4d00000, 0x00000000c4d00000| Untracked 
|  78|0x00000000c4e00000, 0x00000000c4e00000, 0x00000000c4f00000|  0%| F|  |TAMS 0x00000000c4e00000, 0x00000000c4e00000| Untracked 
|  79|0x00000000c4f00000, 0x00000000c4f00000, 0x00000000c5000000|  0%| F|  |TAMS 0x00000000c4f00000, 0x00000000c4f00000| Untracked 
|  80|0x00000000c5000000, 0x00000000c5000000, 0x00000000c5100000|  0%| F|  |TAMS 0x00000000c5000000, 0x00000000c5000000| Untracked 
|  81|0x00000000c5100000, 0x00000000c5100000, 0x00000000c5200000|  0%| F|  |TAMS 0x00000000c5100000, 0x00000000c5100000| Untracked 
|  82|0x00000000c5200000, 0x00000000c5200000, 0x00000000c5300000|  0%| F|  |TAMS 0x00000000c5200000, 0x00000000c5200000| Untracked 
|  83|0x00000000c5300000, 0x00000000c5300000, 0x00000000c5400000|  0%| F|  |TAMS 0x00000000c5300000, 0x00000000c5300000| Untracked 
|  84|0x00000000c5400000, 0x00000000c5400000, 0x00000000c5500000|  0%| F|  |TAMS 0x00000000c5400000, 0x00000000c5400000| Untracked 
|  85|0x00000000c5500000, 0x00000000c5500000, 0x00000000c5600000|  0%| F|  |TAMS 0x00000000c5500000, 0x00000000c5500000| Untracked 
|  86|0x00000000c5600000, 0x00000000c5600000, 0x00000000c5700000|  0%| F|  |TAMS 0x00000000c5600000, 0x00000000c5600000| Untracked 
|  87|0x00000000c5700000, 0x00000000c5700000, 0x00000000c5800000|  0%| F|  |TAMS 0x00000000c5700000, 0x00000000c5700000| Untracked 
|  88|0x00000000c5800000, 0x00000000c5800000, 0x00000000c5900000|  0%| F|  |TAMS 0x00000000c5800000, 0x00000000c5800000| Untracked 
|  89|0x00000000c5900000, 0x00000000c5900000, 0x00000000c5a00000|  0%| F|  |TAMS 0x00000000c5900000, 0x00000000c5900000| Untracked 
|  90|0x00000000c5a00000, 0x00000000c5a00000, 0x00000000c5b00000|  0%| F|  |TAMS 0x00000000c5a00000, 0x00000000c5a00000| Untracked 
|  91|0x00000000c5b00000, 0x00000000c5b00000, 0x00000000c5c00000|  0%| F|  |TAMS 0x00000000c5b00000, 0x00000000c5b00000| Untracked 
|  92|0x00000000c5c00000, 0x00000000c5c00000, 0x00000000c5d00000|  0%| F|  |TAMS 0x00000000c5c00000, 0x00000000c5c00000| Untracked 
|  93|0x00000000c5d00000, 0x00000000c5d00000, 0x00000000c5e00000|  0%| F|  |TAMS 0x00000000c5d00000, 0x00000000c5d00000| Untracked 
|  94|0x00000000c5e00000, 0x00000000c5e00000, 0x00000000c5f00000|  0%| F|  |TAMS 0x00000000c5e00000, 0x00000000c5e00000| Untracked 
|  95|0x00000000c5f00000, 0x00000000c5f00000, 0x00000000c6000000|  0%| F|  |TAMS 0x00000000c5f00000, 0x00000000c5f00000| Untracked 
|  96|0x00000000c6000000, 0x00000000c6000000, 0x00000000c6100000|  0%| F|  |TAMS 0x00000000c6000000, 0x00000000c6000000| Untracked 
|  97|0x00000000c6100000, 0x00000000c6100000, 0x00000000c6200000|  0%| F|  |TAMS 0x00000000c6100000, 0x00000000c6100000| Untracked 
|  98|0x00000000c6200000, 0x00000000c6200000, 0x00000000c6300000|  0%| F|  |TAMS 0x00000000c6200000, 0x00000000c6200000| Untracked 
|  99|0x00000000c6300000, 0x00000000c6300000, 0x00000000c6400000|  0%| F|  |TAMS 0x00000000c6300000, 0x00000000c6300000| Untracked 
| 100|0x00000000c6400000, 0x00000000c6400000, 0x00000000c6500000|  0%| F|  |TAMS 0x00000000c6400000, 0x00000000c6400000| Untracked 
| 101|0x00000000c6500000, 0x00000000c6500000, 0x00000000c6600000|  0%| F|  |TAMS 0x00000000c6500000, 0x00000000c6500000| Untracked 
| 102|0x00000000c6600000, 0x00000000c6600000, 0x00000000c6700000|  0%| F|  |TAMS 0x00000000c6600000, 0x00000000c6600000| Untracked 
| 103|0x00000000c6700000, 0x00000000c6700000, 0x00000000c6800000|  0%| F|  |TAMS 0x00000000c6700000, 0x00000000c6700000| Untracked 
| 104|0x00000000c6800000, 0x00000000c6800000, 0x00000000c6900000|  0%| F|  |TAMS 0x00000000c6800000, 0x00000000c6800000| Untracked 
| 105|0x00000000c6900000, 0x00000000c6900000, 0x00000000c6a00000|  0%| F|  |TAMS 0x00000000c6900000, 0x00000000c6900000| Untracked 
| 106|0x00000000c6a00000, 0x00000000c6a00000, 0x00000000c6b00000|  0%| F|  |TAMS 0x00000000c6a00000, 0x00000000c6a00000| Untracked 
| 107|0x00000000c6b00000, 0x00000000c6b00000, 0x00000000c6c00000|  0%| F|  |TAMS 0x00000000c6b00000, 0x00000000c6b00000| Untracked 
| 108|0x00000000c6c00000, 0x00000000c6c00000, 0x00000000c6d00000|  0%| F|  |TAMS 0x00000000c6c00000, 0x00000000c6c00000| Untracked 
| 109|0x00000000c6d00000, 0x00000000c6d00000, 0x00000000c6e00000|  0%| F|  |TAMS 0x00000000c6d00000, 0x00000000c6d00000| Untracked 
| 110|0x00000000c6e00000, 0x00000000c6e00000, 0x00000000c6f00000|  0%| F|  |TAMS 0x00000000c6e00000, 0x00000000c6e00000| Untracked 
| 111|0x00000000c6f00000, 0x00000000c6f00000, 0x00000000c7000000|  0%| F|  |TAMS 0x00000000c6f00000, 0x00000000c6f00000| Untracked 
| 112|0x00000000c7000000, 0x00000000c7000000, 0x00000000c7100000|  0%| F|  |TAMS 0x00000000c7000000, 0x00000000c7000000| Untracked 
| 113|0x00000000c7100000, 0x00000000c7100000, 0x00000000c7200000|  0%| F|  |TAMS 0x00000000c7100000, 0x00000000c7100000| Untracked 
| 114|0x00000000c7200000, 0x00000000c7200000, 0x00000000c7300000|  0%| F|  |TAMS 0x00000000c7200000, 0x00000000c7200000| Untracked 
| 115|0x00000000c7300000, 0x00000000c7300000, 0x00000000c7400000|  0%| F|  |TAMS 0x00000000c7300000, 0x00000000c7300000| Untracked 
| 116|0x00000000c7400000, 0x00000000c7400000, 0x00000000c7500000|  0%| F|  |TAMS 0x00000000c7400000, 0x00000000c7400000| Untracked 
| 117|0x00000000c7500000, 0x00000000c7500000, 0x00000000c7600000|  0%| F|  |TAMS 0x00000000c7500000, 0x00000000c7500000| Untracked 
| 118|0x00000000c7600000, 0x00000000c7600000, 0x00000000c7700000|  0%| F|  |TAMS 0x00000000c7600000, 0x00000000c7600000| Untracked 
| 119|0x00000000c7700000, 0x00000000c7700000, 0x00000000c7800000|  0%| F|  |TAMS 0x00000000c7700000, 0x00000000c7700000| Untracked 
| 120|0x00000000c7800000, 0x00000000c7800000, 0x00000000c7900000|  0%| F|  |TAMS 0x00000000c7800000, 0x00000000c7800000| Untracked 
| 121|0x00000000c7900000, 0x00000000c7900000, 0x00000000c7a00000|  0%| F|  |TAMS 0x00000000c7900000, 0x00000000c7900000| Untracked 
| 122|0x00000000c7a00000, 0x00000000c7a00000, 0x00000000c7b00000|  0%| F|  |TAMS 0x00000000c7a00000, 0x00000000c7a00000| Untracked 
| 123|0x00000000c7b00000, 0x00000000c7b00000, 0x00000000c7c00000|  0%| F|  |TAMS 0x00000000c7b00000, 0x00000000c7b00000| Untracked 
| 124|0x00000000c7c00000, 0x00000000c7c00000, 0x00000000c7d00000|  0%| F|  |TAMS 0x00000000c7c00000, 0x00000000c7c00000| Untracked 
| 125|0x00000000c7d00000, 0x00000000c7d00000, 0x00000000c7e00000|  0%| F|  |TAMS 0x00000000c7d00000, 0x00000000c7d00000| Untracked 
| 126|0x00000000c7e00000, 0x00000000c7e00000, 0x00000000c7f00000|  0%| F|  |TAMS 0x00000000c7e00000, 0x00000000c7e00000| Untracked 
| 127|0x00000000c7f00000, 0x00000000c7f00000, 0x00000000c8000000|  0%| F|  |TAMS 0x00000000c7f00000, 0x00000000c7f00000| Untracked 
| 128|0x00000000c8000000, 0x00000000c8000000, 0x00000000c8100000|  0%| F|  |TAMS 0x00000000c8000000, 0x00000000c8000000| Untracked 
| 129|0x00000000c8100000, 0x00000000c8100000, 0x00000000c8200000|  0%| F|  |TAMS 0x00000000c8100000, 0x00000000c8100000| Untracked 
| 130|0x00000000c8200000, 0x00000000c8200000, 0x00000000c8300000|  0%| F|  |TAMS 0x00000000c8200000, 0x00000000c8200000| Untracked 
| 131|0x00000000c8300000, 0x00000000c8300000, 0x00000000c8400000|  0%| F|  |TAMS 0x00000000c8300000, 0x00000000c8300000| Untracked 
| 132|0x00000000c8400000, 0x00000000c8400000, 0x00000000c8500000|  0%| F|  |TAMS 0x00000000c8400000, 0x00000000c8400000| Untracked 
| 133|0x00000000c8500000, 0x00000000c8500000, 0x00000000c8600000|  0%| F|  |TAMS 0x00000000c8500000, 0x00000000c8500000| Untracked 
| 134|0x00000000c8600000, 0x00000000c8600000, 0x00000000c8700000|  0%| F|  |TAMS 0x00000000c8600000, 0x00000000c8600000| Untracked 
| 135|0x00000000c8700000, 0x00000000c8700000, 0x00000000c8800000|  0%| F|  |TAMS 0x00000000c8700000, 0x00000000c8700000| Untracked 
| 136|0x00000000c8800000, 0x00000000c8800000, 0x00000000c8900000|  0%| F|  |TAMS 0x00000000c8800000, 0x00000000c8800000| Untracked 
| 137|0x00000000c8900000, 0x00000000c8900000, 0x00000000c8a00000|  0%| F|  |TAMS 0x00000000c8900000, 0x00000000c8900000| Untracked 
| 138|0x00000000c8a00000, 0x00000000c8a00000, 0x00000000c8b00000|  0%| F|  |TAMS 0x00000000c8a00000, 0x00000000c8a00000| Untracked 
| 139|0x00000000c8b00000, 0x00000000c8b00000, 0x00000000c8c00000|  0%| F|  |TAMS 0x00000000c8b00000, 0x00000000c8b00000| Untracked 
| 140|0x00000000c8c00000, 0x00000000c8c00000, 0x00000000c8d00000|  0%| F|  |TAMS 0x00000000c8c00000, 0x00000000c8c00000| Untracked 
| 141|0x00000000c8d00000, 0x00000000c8d00000, 0x00000000c8e00000|  0%| F|  |TAMS 0x00000000c8d00000, 0x00000000c8d00000| Untracked 
| 142|0x00000000c8e00000, 0x00000000c8e00000, 0x00000000c8f00000|  0%| F|  |TAMS 0x00000000c8e00000, 0x00000000c8e00000| Untracked 
| 143|0x00000000c8f00000, 0x00000000c8f00000, 0x00000000c9000000|  0%| F|  |TAMS 0x00000000c8f00000, 0x00000000c8f00000| Untracked 
| 144|0x00000000c9000000, 0x00000000c9000000, 0x00000000c9100000|  0%| F|  |TAMS 0x00000000c9000000, 0x00000000c9000000| Untracked 
| 145|0x00000000c9100000, 0x00000000c9100000, 0x00000000c9200000|  0%| F|  |TAMS 0x00000000c9100000, 0x00000000c9100000| Untracked 
| 146|0x00000000c9200000, 0x00000000c92060d0, 0x00000000c9300000|  2%| E|  |TAMS 0x00000000c9200000, 0x00000000c9200000| Complete 

Card table byte_map: [0x000001e8aefc0000,0x000001e8af1c0000] _byte_map_base: 0x000001e8ae9c0000

Marking Bits (Prev, Next): (CMBitMap*) 0x000001e8a70c3df0, (CMBitMap*) 0x000001e8a70c3db0
 Prev Bits: [0x000001e8b03c0000, 0x000001e8b13c0000)
 Next Bits: [0x000001e8af3c0000, 0x000001e8b03c0000)

Polling page: 0x000001e8a7140000

Metaspace:

Usage:
  Non-class:     63.38 MB used.
      Class:     10.05 MB used.
       Both:     73.43 MB used.

Virtual space:
  Non-class space:       64.00 MB reserved,      63.62 MB (>99%) committed,  1 nodes.
      Class space:        1.00 GB reserved,      10.31 MB (  1%) committed,  1 nodes.
             Both:        1.06 GB reserved,      73.94 MB (  7%) committed. 

Chunk freelists:
   Non-Class:  310.00 KB
       Class:  5.67 MB
        Both:  5.98 MB

MaxMetaspaceSize: unlimited
CompressedClassSpaceSize: 1.00 GB
Initial GC threshold: 21.00 MB
Current GC threshold: 123.12 MB
CDS: off
MetaspaceReclaimPolicy: balanced
 - commit_granule_bytes: 65536.
 - commit_granule_words: 8192.
 - virtual_space_node_default_size: 8388608.
 - enlarge_chunks_in_place: 1.
 - new_chunks_are_fully_committed: 0.
 - uncommit_free_chunks: 1.
 - use_allocation_guard: 0.
 - handle_deallocations: 1.


Internal statistics:

num_allocs_failed_limit: 8.
num_arena_births: 904.
num_arena_deaths: 354.
num_vsnodes_births: 2.
num_vsnodes_deaths: 0.
num_space_committed: 1183.
num_space_uncommitted: 0.
num_chunks_returned_to_freelist: 447.
num_chunks_taken_from_freelist: 3475.
num_chunk_merges: 140.
num_chunk_splits: 2320.
num_chunks_enlarged: 1759.
num_inconsistent_stats: 0.

CodeCache: size=49152Kb used=24704Kb max_used=25729Kb free=24447Kb
 bounds [0x000001e8ab4e0000, 0x000001e8ace90000, 0x000001e8ae4e0000]
 total_blobs=14169 nmethods=13472 adapters=623
 compilation: enabled
              stopped_count=0, restarted_count=0
 full_count=0

Compilation events (20 events):
Event: 11585.296 Thread 0x000001e8b8025a60 13694       1       org.openrewrite.java.JavaPrinter::visitAssignment (10 bytes)
Event: 11585.303 Thread 0x000001e8b8025a60 nmethod 13694 0x000001e8ace79f90 code [0x000001e8ace7a120, 0x000001e8ace7a228]
Event: 11585.303 Thread 0x000001e8b8025a60 13695       1       org.openrewrite.java.JavaPrinter::visitAssignment (45 bytes)
Event: 11585.314 Thread 0x000001e8b8025a60 nmethod 13695 0x000001e8ace79990 code [0x000001e8ace79b60, 0x000001e8ace79d48]
Event: 11585.314 Thread 0x000001e8b8025a60 13696       1       org.openrewrite.java.tree.J$Assignment::withMarkers (6 bytes)
Event: 11585.314 Thread 0x000001e8b8025a60 nmethod 13696 0x000001e8ace79690 code [0x000001e8ace79820, 0x000001e8ace79908]
Event: 11585.314 Thread 0x000001e8b8025a60 13692       1       org.openrewrite.java.tree.J$ParameterizedType::withMarkers (6 bytes)
Event: 11585.315 Thread 0x000001e8b8025a60 nmethod 13692 0x000001e8ace79390 code [0x000001e8ace79520, 0x000001e8ace79608]
Event: 12236.193 Thread 0x000001e8b8025a60 13697       1       java.lang.invoke.LambdaForm$MH/0x00000001003a2800::invoke (27 bytes)
Event: 12236.204 Thread 0x000001e8b8025a60 nmethod 13697 0x000001e8ace78f90 code [0x000001e8ace79140, 0x000001e8ace79298]
Event: 12236.204 Thread 0x000001e8b8025a60 13698       1       java.lang.StringConcatHelper::mix (11 bytes)
Event: 12236.205 Thread 0x000001e8b8025a60 nmethod 13698 0x000001e8ace78b90 code [0x000001e8ace78d40, 0x000001e8ace78e98]
Event: 12236.205 Thread 0x000001e8b8025a60 13699       1       java.lang.StringConcatHelper::prepend (22 bytes)
Event: 12236.208 Thread 0x000001e8b8025a60 nmethod 13699 0x000001e8ace78790 code [0x000001e8ace78940, 0x000001e8ace78aa8]
Event: 12236.208 Thread 0x000001e8b8025a60 13700       1       java.lang.StringConcatHelper::prepend (30 bytes)
Event: 12236.208 Thread 0x000001e8b8025a60 nmethod 13700 0x000001e8ace78410 code [0x000001e8ace785c0, 0x000001e8ace786f8]
Event: 12236.378 Thread 0x000001e8b8025a60 13701   !   1       java.util.concurrent.CompletableFuture$UniAccept::tryFire (149 bytes)
Event: 12236.428 Thread 0x000001e8b8025a60 nmethod 13701 0x000001e8ace76a90 code [0x000001e8ace76da0, 0x000001e8ace77c68]
Event: 12533.741 Thread 0x000001e8b8025a60 13702       1       java.util.concurrent.locks.LockSupport::unpark (12 bytes)
Event: 12533.745 Thread 0x000001e8b8025a60 nmethod 13702 0x000001e8ace76790 code [0x000001e8ace76920, 0x000001e8ace769e8]

GC Heap History (20 events):
Event: 14667.910 GC heap before
{Heap before GC invocations=1334 (full 1043):
 garbage-first heap   total 150528K, used 44798K [0x00000000c0000000, 0x0000000100000000)
  region size 1024K, 1 young (1024K), 0 survivors (0K)
 Metaspace       used 75194K, committed 75712K, reserved 1114112K
  class space    used 10293K, committed 10560K, reserved 1048576K
}
Event: 14667.981 GC heap after
{Heap after GC invocations=1335 (full 1044):
 garbage-first heap   total 150528K, used 44798K [0x00000000c0000000, 0x0000000100000000)
  region size 1024K, 0 young (0K), 0 survivors (0K)
 Metaspace       used 75194K, committed 75712K, reserved 1114112K
  class space    used 10293K, committed 10560K, reserved 1048576K
}
Event: 14678.228 GC heap before
{Heap before GC invocations=1335 (full 1044):
 garbage-first heap   total 150528K, used 44798K [0x00000000c0000000, 0x0000000100000000)
  region size 1024K, 1 young (1024K), 0 survivors (0K)
 Metaspace       used 75194K, committed 75712K, reserved 1114112K
  class space    used 10293K, committed 10560K, reserved 1048576K
}
Event: 14678.297 GC heap after
{Heap after GC invocations=1336 (full 1045):
 garbage-first heap   total 150528K, used 44798K [0x00000000c0000000, 0x0000000100000000)
  region size 1024K, 0 young (0K), 0 survivors (0K)
 Metaspace       used 75194K, committed 75712K, reserved 1114112K
  class space    used 10293K, committed 10560K, reserved 1048576K
}
Event: 14688.547 GC heap before
{Heap before GC invocations=1336 (full 1045):
 garbage-first heap   total 150528K, used 44798K [0x00000000c0000000, 0x0000000100000000)
  region size 1024K, 1 young (1024K), 0 survivors (0K)
 Metaspace       used 75194K, committed 75712K, reserved 1114112K
  class space    used 10293K, committed 10560K, reserved 1048576K
}
Event: 14688.624 GC heap after
{Heap after GC invocations=1337 (full 1046):
 garbage-first heap   total 150528K, used 44798K [0x00000000c0000000, 0x0000000100000000)
  region size 1024K, 0 young (0K), 0 survivors (0K)
 Metaspace       used 75194K, committed 75712K, reserved 1114112K
  class space    used 10293K, committed 10560K, reserved 1048576K
}
Event: 14698.930 GC heap before
{Heap before GC invocations=1337 (full 1046):
 garbage-first heap   total 150528K, used 44798K [0x00000000c0000000, 0x0000000100000000)
  region size 1024K, 1 young (1024K), 0 survivors (0K)
 Metaspace       used 75194K, committed 75712K, reserved 1114112K
  class space    used 10293K, committed 10560K, reserved 1048576K
}
Event: 14699.010 GC heap after
{Heap after GC invocations=1338 (full 1047):
 garbage-first heap   total 150528K, used 44798K [0x00000000c0000000, 0x0000000100000000)
  region size 1024K, 0 young (0K), 0 survivors (0K)
 Metaspace       used 75194K, committed 75712K, reserved 1114112K
  class space    used 10293K, committed 10560K, reserved 1048576K
}
Event: 14709.576 GC heap before
{Heap before GC invocations=1338 (full 1047):
 garbage-first heap   total 150528K, used 44798K [0x00000000c0000000, 0x0000000100000000)
  region size 1024K, 1 young (1024K), 0 survivors (0K)
 Metaspace       used 75194K, committed 75712K, reserved 1114112K
  class space    used 10293K, committed 10560K, reserved 1048576K
}
Event: 14710.262 GC heap after
{Heap after GC invocations=1339 (full 1048):
 garbage-first heap   total 150528K, used 44798K [0x00000000c0000000, 0x0000000100000000)
  region size 1024K, 0 young (0K), 0 survivors (0K)
 Metaspace       used 75194K, committed 75712K, reserved 1114112K
  class space    used 10293K, committed 10560K, reserved 1048576K
}
Event: 14720.838 GC heap before
{Heap before GC invocations=1339 (full 1048):
 garbage-first heap   total 150528K, used 44798K [0x00000000c0000000, 0x0000000100000000)
  region size 1024K, 1 young (1024K), 0 survivors (0K)
 Metaspace       used 75194K, committed 75712K, reserved 1114112K
  class space    used 10293K, committed 10560K, reserved 1048576K
}
Event: 14720.920 GC heap after
{Heap after GC invocations=1340 (full 1049):
 garbage-first heap   total 150528K, used 44798K [0x00000000c0000000, 0x0000000100000000)
  region size 1024K, 0 young (0K), 0 survivors (0K)
 Metaspace       used 75194K, committed 75712K, reserved 1114112K
  class space    used 10293K, committed 10560K, reserved 1048576K
}
Event: 14731.508 GC heap before
{Heap before GC invocations=1340 (full 1049):
 garbage-first heap   total 150528K, used 44798K [0x00000000c0000000, 0x0000000100000000)
  region size 1024K, 1 young (1024K), 0 survivors (0K)
 Metaspace       used 75194K, committed 75712K, reserved 1114112K
  class space    used 10293K, committed 10560K, reserved 1048576K
}
Event: 14731.621 GC heap after
{Heap after GC invocations=1341 (full 1050):
 garbage-first heap   total 150528K, used 44798K [0x00000000c0000000, 0x0000000100000000)
  region size 1024K, 0 young (0K), 0 survivors (0K)
 Metaspace       used 75194K, committed 75712K, reserved 1114112K
  class space    used 10293K, committed 10560K, reserved 1048576K
}
Event: 14742.317 GC heap before
{Heap before GC invocations=1341 (full 1050):
 garbage-first heap   total 150528K, used 44798K [0x00000000c0000000, 0x0000000100000000)
  region size 1024K, 1 young (1024K), 0 survivors (0K)
 Metaspace       used 75194K, committed 75712K, reserved 1114112K
  class space    used 10293K, committed 10560K, reserved 1048576K
}
Event: 14742.415 GC heap after
{Heap after GC invocations=1342 (full 1051):
 garbage-first heap   total 150528K, used 44798K [0x00000000c0000000, 0x0000000100000000)
  region size 1024K, 0 young (0K), 0 survivors (0K)
 Metaspace       used 75194K, committed 75712K, reserved 1114112K
  class space    used 10293K, committed 10560K, reserved 1048576K
}
Event: 14753.611 GC heap before
{Heap before GC invocations=1342 (full 1051):
 garbage-first heap   total 150528K, used 44798K [0x00000000c0000000, 0x0000000100000000)
  region size 1024K, 1 young (1024K), 0 survivors (0K)
 Metaspace       used 75194K, committed 75712K, reserved 1114112K
  class space    used 10293K, committed 10560K, reserved 1048576K
}
Event: 14754.457 GC heap after
{Heap after GC invocations=1343 (full 1052):
 garbage-first heap   total 150528K, used 44798K [0x00000000c0000000, 0x0000000100000000)
  region size 1024K, 0 young (0K), 0 survivors (0K)
 Metaspace       used 75194K, committed 75712K, reserved 1114112K
  class space    used 10293K, committed 10560K, reserved 1048576K
}
Event: 14765.144 GC heap before
{Heap before GC invocations=1343 (full 1052):
 garbage-first heap   total 150528K, used 44798K [0x00000000c0000000, 0x0000000100000000)
  region size 1024K, 1 young (1024K), 0 survivors (0K)
 Metaspace       used 75194K, committed 75712K, reserved 1114112K
  class space    used 10293K, committed 10560K, reserved 1048576K
}
Event: 14765.241 GC heap after
{Heap after GC invocations=1344 (full 1053):
 garbage-first heap   total 150528K, used 44798K [0x00000000c0000000, 0x0000000100000000)
  region size 1024K, 0 young (0K), 0 survivors (0K)
 Metaspace       used 75194K, committed 75712K, reserved 1114112K
  class space    used 10293K, committed 10560K, reserved 1048576K
}

Dll operation events (10 events):
Event: 0.028 Loaded shared library c:\Users\雖團\.vscode\extensions\redhat.java-1.21.0-win32-x64\jre\17.0.7-win32-x86_64\bin\java.dll
Event: 1.112 Loaded shared library C:\Users\雖團\.vscode\extensions\redhat.java-1.21.0-win32-x64\jre\17.0.7-win32-x86_64\bin\net.dll
Event: 1.118 Loaded shared library C:\Users\雖團\.vscode\extensions\redhat.java-1.21.0-win32-x64\jre\17.0.7-win32-x86_64\bin\nio.dll
Event: 1.183 Loaded shared library C:\Users\雖團\.vscode\extensions\redhat.java-1.21.0-win32-x64\jre\17.0.7-win32-x86_64\bin\zip.dll
Event: 6.463 Loaded shared library C:\Users\雖團\.vscode\extensions\redhat.java-1.21.0-win32-x64\jre\17.0.7-win32-x86_64\bin\jimage.dll
Event: 12.709 Loaded shared library C:\Users\雖團\.vscode\extensions\redhat.java-1.21.0-win32-x64\jre\17.0.7-win32-x86_64\bin\management.dll
Event: 12.716 Loaded shared library C:\Users\雖團\.vscode\extensions\redhat.java-1.21.0-win32-x64\jre\17.0.7-win32-x86_64\bin\management_ext.dll
Event: 14.393 Loaded shared library C:\Users\雖團\.vscode\extensions\redhat.java-1.21.0-win32-x64\jre\17.0.7-win32-x86_64\bin\sunmscapi.dll
Event: 28.975 Loaded shared library c:\Users\雖團\.vscode\extensions\redhat.java-1.21.0-win32-x64\jre\17.0.7-win32-x86_64\bin\verify.dll
Event: 40.639 Loaded shared library C:\Users\雖團\AppData\Local\Temp\snappy-1.1.10-aab60966-f3e2-41bf-8a3a-d0da384b8104-snappyjava.dll

Deoptimization events (20 events):
Event: 5340.285 Thread 0x000001e8b87ab7c0 DEOPT PACKING pc=0x000001e8abcf7224 sp=0x000000828d7fe830
Event: 5340.285 Thread 0x000001e8b87ab7c0 DEOPT UNPACKING pc=0x000001e8ab53ace3 sp=0x000000828d7fdd18 mode 0
Event: 11120.458 Thread 0x000001e8bc41cd90 DEOPT PACKING pc=0x000001e8abfd561c sp=0x000000828d5ff240
Event: 11120.459 Thread 0x000001e8bc41cd90 DEOPT UNPACKING pc=0x000001e8ab53ace3 sp=0x000000828d5fe690 mode 0
Event: 11120.550 Thread 0x000001e8bc6a37f0 DEOPT PACKING pc=0x000001e8abfd561c sp=0x000000828edff060
Event: 11120.553 Thread 0x000001e8bc6a37f0 DEOPT UNPACKING pc=0x000001e8ab53ace3 sp=0x000000828edfe4b0 mode 0
Event: 11120.561 Thread 0x000001e8bc69fe30 DEOPT PACKING pc=0x000001e8abfd561c sp=0x000000828d6fef50
Event: 11120.562 Thread 0x000001e8bc69fe30 DEOPT UNPACKING pc=0x000001e8ab53ace3 sp=0x000000828d6fe3a0 mode 0
Event: 11120.566 Thread 0x000001e8bc6a3cc0 DEOPT PACKING pc=0x000001e8abfd561c sp=0x000000828e8feed0
Event: 11120.566 Thread 0x000001e8bc6a3cc0 DEOPT UNPACKING pc=0x000001e8ab53ace3 sp=0x000000828e8fe320 mode 0
Event: 11120.569 Thread 0x000001e8bc6a59a0 DEOPT PACKING pc=0x000001e8abfd561c sp=0x000000828eeff080
Event: 11120.569 Thread 0x000001e8bc6a59a0 DEOPT UNPACKING pc=0x000001e8ab53ace3 sp=0x000000828eefe4d0 mode 0
Event: 11120.664 Thread 0x000001e8bc6a2980 DEOPT PACKING pc=0x000001e8abfd561c sp=0x000000828ceff2d0
Event: 11120.664 Thread 0x000001e8bc6a2980 DEOPT UNPACKING pc=0x000001e8ab53ace3 sp=0x000000828cefe720 mode 0
Event: 11120.667 Thread 0x000001e8bc6a4190 DEOPT PACKING pc=0x000001e8abfd561c sp=0x000000828dafed10
Event: 11120.667 Thread 0x000001e8bc6a4190 DEOPT UNPACKING pc=0x000001e8ab53ace3 sp=0x000000828dafe160 mode 0
Event: 11120.668 Thread 0x000001e8bc6a1640 DEOPT PACKING pc=0x000001e8abfd561c sp=0x000000828b2fef40
Event: 11120.668 Thread 0x000001e8bc6a1640 DEOPT UNPACKING pc=0x000001e8ab53ace3 sp=0x000000828b2fe390 mode 0
Event: 11466.789 Thread 0x000001e8bc6a1fe0 DEOPT PACKING pc=0x000001e8abfd561c sp=0x000000828c2ff2d0
Event: 11466.790 Thread 0x000001e8bc6a1fe0 DEOPT UNPACKING pc=0x000001e8ab53ace3 sp=0x000000828c2fe720 mode 0

Classes unloaded (20 events):
Event: 8141.725 Thread 0x000001e8b3e39f50 Unloading class 0x0000000100a50000 'java/lang/invoke/LambdaForm$MH+0x0000000100a50000'
Event: 8141.725 Thread 0x000001e8b3e39f50 Unloading class 0x0000000100a49c00 'jdk/internal/reflect/GeneratedMethodAccessor60'
Event: 8141.726 Thread 0x000001e8b3e39f50 Unloading class 0x0000000100a49400 'java/lang/invoke/LambdaForm$MH+0x0000000100a49400'
Event: 8141.726 Thread 0x000001e8b3e39f50 Unloading class 0x0000000100a49000 'java/lang/invoke/LambdaForm$MH+0x0000000100a49000'
Event: 8141.726 Thread 0x000001e8b3e39f50 Unloading class 0x0000000100a48c00 'java/lang/invoke/LambdaForm$MH+0x0000000100a48c00'
Event: 8141.726 Thread 0x000001e8b3e39f50 Unloading class 0x0000000100a48800 'java/lang/invoke/LambdaForm$MH+0x0000000100a48800'
Event: 8141.726 Thread 0x000001e8b3e39f50 Unloading class 0x0000000100a48400 'java/lang/invoke/LambdaForm$MH+0x0000000100a48400'
Event: 8141.726 Thread 0x000001e8b3e39f50 Unloading class 0x0000000100a48000 'java/lang/invoke/LambdaForm$MH+0x0000000100a48000'
Event: 11205.152 Thread 0x000001e8b3e39f50 Unloading class 0x0000000100a49000 'jdk/internal/reflect/GeneratedConstructorAccessor88'
Event: 11205.153 Thread 0x000001e8b3e39f50 Unloading class 0x0000000100a51400 'jdk/internal/reflect/GeneratedConstructorAccessor87'
Event: 11205.153 Thread 0x000001e8b3e39f50 Unloading class 0x0000000100a51000 'jdk/internal/reflect/GeneratedConstructorAccessor86'
Event: 11205.153 Thread 0x000001e8b3e39f50 Unloading class 0x0000000100a49c00 'jdk/internal/reflect/GeneratedConstructorAccessor85'
Event: 11246.749 Thread 0x000001e8b3e39f50 Unloading class 0x0000000100a50400 'jdk/internal/reflect/GeneratedMethodAccessor61'
Event: 11246.749 Thread 0x000001e8b3e39f50 Unloading class 0x0000000100a50000 'jdk/internal/reflect/GeneratedConstructorAccessor90'
Event: 11246.749 Thread 0x000001e8b3e39f50 Unloading class 0x0000000100a49400 'jdk/internal/reflect/GeneratedConstructorAccessor89'
Event: 11699.116 Thread 0x000001e8b3e39f50 Unloading class 0x0000000100a50000 'jdk/internal/reflect/GeneratedMethodAccessor62'
Event: 11699.118 Thread 0x000001e8b3e39f50 Unloading class 0x0000000100a51400 'jdk/internal/reflect/GeneratedConstructorAccessor95'
Event: 11699.118 Thread 0x000001e8b3e39f50 Unloading class 0x0000000100a51000 'jdk/internal/reflect/GeneratedConstructorAccessor94'
Event: 11699.120 Thread 0x000001e8b3e39f50 Unloading class 0x0000000100a49400 'jdk/internal/reflect/GeneratedConstructorAccessor93'
Event: 11699.120 Thread 0x000001e8b3e39f50 Unloading class 0x0000000100a49000 'jdk/internal/reflect/GeneratedConstructorAccessor92'

Classes redefined (0 events):
No events

Internal exceptions (20 events):
Event: 11586.132 Thread 0x000001e8bd131050 Exception <a 'sun/nio/fs/WindowsException'{0x00000000ee5c4808}> (0x00000000ee5c4808) 
thrown [s\src\hotspot\share\prims\jni.cpp, line 516]
Event: 11586.132 Thread 0x000001e8bd131050 Exception <a 'sun/nio/fs/WindowsException'{0x00000000ee5c4c98}> (0x00000000ee5c4c98) 
thrown [s\src\hotspot\share\prims\jni.cpp, line 516]
Event: 11586.134 Thread 0x000001e8bd131050 Exception <a 'sun/nio/fs/WindowsException'{0x00000000ee5dbbe0}> (0x00000000ee5dbbe0) 
thrown [s\src\hotspot\share\prims\jni.cpp, line 516]
Event: 11586.134 Thread 0x000001e8bd131050 Exception <a 'sun/nio/fs/WindowsException'{0x00000000ee5dc040}> (0x00000000ee5dc040) 
thrown [s\src\hotspot\share\prims\jni.cpp, line 516]
Event: 11586.134 Thread 0x000001e8bd131050 Exception <a 'sun/nio/fs/WindowsException'{0x00000000ee5dcff0}> (0x00000000ee5dcff0) 
thrown [s\src\hotspot\share\prims\jni.cpp, line 516]
Event: 11586.134 Thread 0x000001e8bd131050 Exception <a 'sun/nio/fs/WindowsException'{0x00000000ee5dd450}> (0x00000000ee5dd450) 
thrown [s\src\hotspot\share\prims\jni.cpp, line 516]
Event: 11586.134 Thread 0x000001e8bd131050 Exception <a 'sun/nio/fs/WindowsException'{0x00000000ee5e7768}> (0x00000000ee5e7768) 
thrown [s\src\hotspot\share\prims\jni.cpp, line 516]
Event: 11586.134 Thread 0x000001e8bd131050 Exception <a 'sun/nio/fs/WindowsException'{0x00000000ee5e7bf0}> (0x00000000ee5e7bf0) 
thrown [s\src\hotspot\share\prims\jni.cpp, line 516]
Event: 11586.141 Thread 0x000001e8bd131050 Exception <a 'sun/nio/fs/WindowsException'{0x00000000ee416cf0}> (0x00000000ee416cf0) 
thrown [s\src\hotspot\share\prims\jni.cpp, line 516]
Event: 11586.141 Thread 0x000001e8bd131050 Exception <a 'sun/nio/fs/WindowsException'{0x00000000ee417190}> (0x00000000ee417190) 
thrown [s\src\hotspot\share\prims\jni.cpp, line 516]
Event: 11586.141 Thread 0x000001e8bd131050 Exception <a 'sun/nio/fs/WindowsException'{0x00000000ee4186d0}> (0x00000000ee4186d0) 
thrown [s\src\hotspot\share\prims\jni.cpp, line 516]
Event: 11586.141 Thread 0x000001e8bd131050 Exception <a 'sun/nio/fs/WindowsException'{0x00000000ee418b70}> (0x00000000ee418b70) 
thrown [s\src\hotspot\share\prims\jni.cpp, line 516]
Event: 11586.141 Thread 0x000001e8bd131050 Exception <a 'sun/nio/fs/WindowsException'{0x00000000ee41a8c8}> (0x00000000ee41a8c8) 
thrown [s\src\hotspot\share\prims\jni.cpp, line 516]
Event: 11586.141 Thread 0x000001e8bd131050 Exception <a 'sun/nio/fs/WindowsException'{0x00000000ee41ad98}> (0x00000000ee41ad98) 
thrown [s\src\hotspot\share\prims\jni.cpp, line 516]
Event: 11586.142 Thread 0x000001e8bd131050 Exception <a 'sun/nio/fs/WindowsException'{0x00000000ee444768}> (0x00000000ee444768) 
thrown [s\src\hotspot\share\prims\jni.cpp, line 516]
Event: 11586.142 Thread 0x000001e8bd131050 Exception <a 'sun/nio/fs/WindowsException'{0x00000000ee444bf8}> (0x00000000ee444bf8) 
thrown [s\src\hotspot\share\prims\jni.cpp, line 516]
Event: 11586.142 Thread 0x000001e8bd131050 Exception <a 'sun/nio/fs/WindowsException'{0x00000000ee446128}> (0x00000000ee446128) 
thrown [s\src\hotspot\share\prims\jni.cpp, line 516]
Event: 11586.142 Thread 0x000001e8bd131050 Exception <a 'sun/nio/fs/WindowsException'{0x00000000ee4465b8}> (0x00000000ee4465b8) 
thrown [s\src\hotspot\share\prims\jni.cpp, line 516]
Event: 11586.143 Thread 0x000001e8bd131050 Exception <a 'sun/nio/fs/WindowsException'{0x00000000ee44b7c8}> (0x00000000ee44b7c8) 
thrown [s\src\hotspot\share\prims\jni.cpp, line 516]
Event: 11586.143 Thread 0x000001e8bd131050 Exception <a 'sun/nio/fs/WindowsException'{0x00000000ee44bc80}> (0x00000000ee44bc80) 
thrown [s\src\hotspot\share\prims\jni.cpp, line 516]

VM Operations (20 events):
Event: 14667.982 Executing VM operation: G1CollectFull done
Event: 14678.228 Executing VM operation: G1CollectFull
Event: 14678.298 Executing VM operation: G1CollectFull done
Event: 14688.547 Executing VM operation: G1CollectFull
Event: 14688.624 Executing VM operation: G1CollectFull done
Event: 14698.930 Executing VM operation: G1CollectFull
Event: 14699.010 Executing VM operation: G1CollectFull done
Event: 14709.525 Executing VM operation: G1CollectFull
Event: 14710.268 Executing VM operation: G1CollectFull done
Event: 14720.837 Executing VM operation: G1CollectFull
Event: 14720.920 Executing VM operation: G1CollectFull done
Event: 14731.508 Executing VM operation: G1CollectFull
Event: 14731.621 Executing VM operation: G1CollectFull done
Event: 14742.303 Executing VM operation: G1CollectFull
Event: 14742.415 Executing VM operation: G1CollectFull done
Event: 14753.526 Executing VM operation: G1CollectFull
Event: 14754.464 Executing VM operation: G1CollectFull done
Event: 14765.143 Executing VM operation: G1CollectFull
Event: 14765.242 Executing VM operation: G1CollectFull done
Event: 14775.951 Executing VM operation: G1CollectFull

Events (20 events):
Event: 11581.387 Thread 0x000001e8be9ac1a0 Thread exited: 0x000001e8be9ac1a0
Event: 11592.562 Thread 0x000001e8bdc72090 Thread exited: 0x000001e8bdc72090
Event: 11602.630 Thread 0x000001e8bd131050 Thread exited: 0x000001e8bd131050
Event: 11611.431 Thread 0x000001e8bdc738a0 Thread exited: 0x000001e8bdc738a0
Event: 11634.839 Thread 0x000001e8bd702250 Thread exited: 0x000001e8bd702250
Event: 11634.839 Thread 0x000001e8bd7030c0 Thread exited: 0x000001e8bd7030c0
Event: 12236.051 Thread 0x000001e8bd9843d0 Thread added: 0x000001e8bd9843d0
Event: 12296.390 Thread 0x000001e8bd9843d0 Thread exited: 0x000001e8bd9843d0
Event: 12306.031 Thread 0x000001e8bd983560 Thread added: 0x000001e8bd983560
Event: 12366.353 Thread 0x000001e8bd983560 Thread exited: 0x000001e8bd983560
Event: 12533.153 Thread 0x000001e8bcdcadd0 Thread added: 0x000001e8bcdcadd0
Event: 12593.856 Thread 0x000001e8bcdcadd0 Thread exited: 0x000001e8bcdcadd0
Event: 13462.092 Thread 0x000001e8bcdca430 Thread added: 0x000001e8bcdca430
Event: 13522.117 Thread 0x000001e8bcdca430 Thread exited: 0x000001e8bcdca430
Event: 13536.161 Thread 0x000001e8bdf65fc0 Thread added: 0x000001e8bdf65fc0
Event: 13596.175 Thread 0x000001e8bdf65fc0 Thread exited: 0x000001e8bdf65fc0
Event: 13603.465 Thread 0x000001e8b87ab2f0 Thread added: 0x000001e8b87ab2f0
Event: 13724.614 Thread 0x000001e8b87ab2f0 Thread exited: 0x000001e8b87ab2f0
Event: 14141.767 Thread 0x000001e8bd83a070 Thread added: 0x000001e8bd83a070
Event: 14201.781 Thread 0x000001e8bd83a070 Thread exited: 0x000001e8bd83a070


Dynamic libraries:
0x00007ff6e4d60000 - 0x00007ff6e4d6e000 	c:\Users\雖團\.vscode\extensions\redhat.java-1.21.0-win32-x64\jre\17.0.7-win32-x86_64\bin\java.exe
0x00007ff842730000 - 0x00007ff842944000 	C:\WINDOWS\SYSTEM32\ntdll.dll
0x00007ff841e10000 - 0x00007ff841ed4000 	C:\WINDOWS\System32\KERNEL32.DLL
0x00007ff840140000 - 0x00007ff8404e4000 	C:\WINDOWS\System32\KERNELBASE.dll
0x00007ff83ff00000 - 0x00007ff840011000 	C:\WINDOWS\System32\ucrtbase.dll
0x00007ff809f30000 - 0x00007ff809f47000 	c:\Users\雖團\.vscode\extensions\redhat.java-1.21.0-win32-x64\jre\17.0.7-win32-x86_64\bin\jli.dll
0x00007ff8404f0000 - 0x00007ff84069a000 	C:\WINDOWS\System32\USER32.dll
0x00007ff83fc50000 - 0x00007ff83fc76000 	C:\WINDOWS\System32\win32u.dll
0x00007ff841ee0000 - 0x00007ff841f09000 	C:\WINDOWS\System32\GDI32.dll
0x00007ff840020000 - 0x00007ff840139000 	C:\WINDOWS\System32\gdi32full.dll
0x00007ff806d20000 - 0x00007ff806d39000 	c:\Users\雖團\.vscode\extensions\redhat.java-1.21.0-win32-x64\jre\17.0.7-win32-x86_64\bin\VCRUNTIME140.dll
0x00007ff83fdf0000 - 0x00007ff83fe8a000 	C:\WINDOWS\System32\msvcp_win.dll
0x00007ff828450000 - 0x00007ff8286df000 	C:\WINDOWS\WinSxS\amd64_microsoft.windows.common-controls_6595b64144ccf1df_6.0.22621.2070_none_2713e6537381f706\COMCTL32.dll
0x00007ff842190000 - 0x00007ff842237000 	C:\WINDOWS\System32\msvcrt.dll
0x00007ff841dd0000 - 0x00007ff841e01000 	C:\WINDOWS\System32\IMM32.DLL
0x00007ff8168f0000 - 0x00007ff8168fc000 	c:\Users\雖團\.vscode\extensions\redhat.java-1.21.0-win32-x64\jre\17.0.7-win32-x86_64\bin\vcruntime140_1.dll
0x00007fffee2d0000 - 0x00007fffee361000 	c:\Users\雖團\.vscode\extensions\redhat.java-1.21.0-win32-x64\jre\17.0.7-win32-x86_64\bin\msvcp140.dll
0x00007fff92200000 - 0x00007fff92e48000 	c:\Users\雖團\.vscode\extensions\redhat.java-1.21.0-win32-x64\jre\17.0.7-win32-x86_64\bin\server\jvm.dll
0x00007ff8407b0000 - 0x00007ff840860000 	C:\WINDOWS\System32\ADVAPI32.dll
0x00007ff842620000 - 0x00007ff8426c6000 	C:\WINDOWS\System32\sechost.dll
0x00007ff841640000 - 0x00007ff841757000 	C:\WINDOWS\System32\RPCRT4.dll
0x00007ff818060000 - 0x00007ff818069000 	C:\WINDOWS\SYSTEM32\WSOCK32.dll
0x00007ff8417e0000 - 0x00007ff841851000 	C:\WINDOWS\System32\WS2_32.dll
0x00007ff83a3b0000 - 0x00007ff83a3e4000 	C:\WINDOWS\SYSTEM32\WINMM.dll
0x00007ff8345b0000 - 0x00007ff8345ba000 	C:\WINDOWS\SYSTEM32\VERSION.dll
0x00007ff83ec10000 - 0x00007ff83ec28000 	C:\WINDOWS\SYSTEM32\kernel.appcore.dll
0x00007ff815e20000 - 0x00007ff815e2a000 	c:\Users\雖團\.vscode\extensions\redhat.java-1.21.0-win32-x64\jre\17.0.7-win32-x86_64\bin\jimage.dll
0x00007ff83d480000 - 0x00007ff83d6ae000 	C:\WINDOWS\SYSTEM32\DBGHELP.DLL
0x00007ff8412b0000 - 0x00007ff84163a000 	C:\WINDOWS\System32\combase.dll
0x00007ff842400000 - 0x00007ff8424d7000 	C:\WINDOWS\System32\OLEAUT32.dll
0x00007ff83a370000 - 0x00007ff83a3a2000 	C:\WINDOWS\SYSTEM32\dbgcore.DLL
0x00007ff83fb10000 - 0x00007ff83fb8a000 	C:\WINDOWS\System32\bcryptPrimitives.dll
0x00007ff806c10000 - 0x00007ff806c35000 	c:\Users\雖團\.vscode\extensions\redhat.java-1.21.0-win32-x64\jre\17.0.7-win32-x86_64\bin\java.dll
0x00007ff800900000 - 0x00007ff800918000 	c:\Users\雖團\.vscode\extensions\redhat.java-1.21.0-win32-x64\jre\17.0.7-win32-x86_64\bin\zip.dll
0x00007ff840a00000 - 0x00007ff841216000 	C:\WINDOWS\System32\SHELL32.dll
0x00007ff83daa0000 - 0x00007ff83e38a000 	C:\WINDOWS\SYSTEM32\windows.storage.dll
0x00007ff83d960000 - 0x00007ff83da9e000 	C:\WINDOWS\SYSTEM32\wintypes.dll
0x00007ff842030000 - 0x00007ff842123000 	C:\WINDOWS\System32\SHCORE.dll
0x00007ff842130000 - 0x00007ff84218e000 	C:\WINDOWS\System32\shlwapi.dll
0x00007ff83fa40000 - 0x00007ff83fa66000 	C:\WINDOWS\SYSTEM32\profapi.dll
0x00007ffffe380000 - 0x00007ffffe399000 	C:\Users\雖團\.vscode\extensions\redhat.java-1.21.0-win32-x64\jre\17.0.7-win32-x86_64\bin\net.dll
0x00007ff837520000 - 0x00007ff837657000 	C:\WINDOWS\SYSTEM32\WINHTTP.dll
0x00007ff83f0c0000 - 0x00007ff83f129000 	C:\WINDOWS\system32\mswsock.dll
0x00007ffffb950000 - 0x00007ffffb965000 	C:\Users\雖團\.vscode\extensions\redhat.java-1.21.0-win32-x64\jre\17.0.7-win32-x86_64\bin\nio.dll
0x00007ff83f310000 - 0x00007ff83f32b000 	C:\WINDOWS\SYSTEM32\CRYPTSP.dll
0x00007ff83eb80000 - 0x00007ff83ebb5000 	C:\WINDOWS\system32\rsaenh.dll
0x00007ff83f1b0000 - 0x00007ff83f1dc000 	C:\WINDOWS\SYSTEM32\USERENV.dll
0x00007ff83f4b0000 - 0x00007ff83f4d8000 	C:\WINDOWS\SYSTEM32\bcrypt.dll
0x00007ff83f330000 - 0x00007ff83f33c000 	C:\WINDOWS\SYSTEM32\CRYPTBASE.dll
0x00007ff83e5e0000 - 0x00007ff83e60d000 	C:\WINDOWS\SYSTEM32\IPHLPAPI.DLL
0x00007ff8418c0000 - 0x00007ff8418c9000 	C:\WINDOWS\System32\NSI.dll
0x00007ff837210000 - 0x00007ff837229000 	C:\WINDOWS\SYSTEM32\dhcpcsvc6.DLL
0x00007ff836ec0000 - 0x00007ff836edf000 	C:\WINDOWS\SYSTEM32\dhcpcsvc.DLL
0x00007ff83e610000 - 0x00007ff83e703000 	C:\WINDOWS\SYSTEM32\DNSAPI.dll
0x00007ff8174c0000 - 0x00007ff8174c9000 	C:\Users\雖團\.vscode\extensions\redhat.java-1.21.0-win32-x64\jre\17.0.7-win32-x86_64\bin\management.dll
0x00007ff8174b0000 - 0x00007ff8174bb000 	C:\Users\雖團\.vscode\extensions\redhat.java-1.21.0-win32-x64\jre\17.0.7-win32-x86_64\bin\management_ext.dll
0x00007ff8424e0000 - 0x00007ff8424e8000 	C:\WINDOWS\System32\PSAPI.DLL
0x00007ff834270000 - 0x00007ff83427e000 	C:\Users\雖團\.vscode\extensions\redhat.java-1.21.0-win32-x64\jre\17.0.7-win32-x86_64\bin\sunmscapi.dll
0x00007ff83fc80000 - 0x00007ff83fde7000 	C:\WINDOWS\System32\CRYPT32.dll
0x00007ff83f480000 - 0x00007ff83f4ae000 	C:\WINDOWS\SYSTEM32\ncrypt.dll
0x00007ff83f440000 - 0x00007ff83f477000 	C:\WINDOWS\SYSTEM32\NTASN1.dll
0x00007ff835390000 - 0x00007ff83539a000 	C:\Windows\System32\rasadhlp.dll
0x00007ff8356a0000 - 0x00007ff835724000 	C:\WINDOWS\System32\fwpuclnt.dll
0x00007ff811ba0000 - 0x00007ff811bb0000 	c:\Users\雖團\.vscode\extensions\redhat.java-1.21.0-win32-x64\jre\17.0.7-win32-x86_64\bin\verify.dll
0x0000000070fc0000 - 0x000000007108d000 	C:\Users\雖團\AppData\Local\Temp\snappy-1.1.10-aab60966-f3e2-41bf-8a3a-d0da384b8104-snappyjava.dll

dbghelp: loaded successfully - version: 4.0.5 - missing functions: none
symbol engine: initialized successfully - sym options: 0x614 - pdb path: .;c:\Users\雖團\.vscode\extensions\redhat.java-1.21.0-win32-x64\jre\17.0.7-win32-x86_64\bin;C:\WINDOWS\SYSTEM32;C:\WINDOWS\WinSxS\amd64_microsoft.windows.common-controls_6595b64144ccf1df_6.0.22621.2070_none_2713e6537381f706;c:\Users\雖團\.vscode\extensions\redhat.java-1.21.0-win32-x64\jre\17.0.7-win32-x86_64\bin\se;c:\Users\雖團\.vscode\extensions\redhat.java-1.21.0-win32-x64\jre\17.0.7-win32-x86_64\bin\;c:\Users\雖團\.vscode\extensions\redhat.java-1.21.0-win32-x64\jre\17.0.7-win32-x86_64\bi;c:\Users\雖團\.vscode\extensions\redhat.java-1.21.0-win32-x64\jre\17.0.7-win32-x86_64\;c:\Users\雖團\.vscode\extensions\redhat.java-1.21.0-win32-x64\jre\17.0.7-win32-x86_6;c:\Users\雖團\.vscode\extensions\redhat.java-1.21.0-win32-x64\jre\17.0.7-win32-x86;c:\Users\雖團\.vscode\extensions\redhat.java-1.21.0-win32-x64\jre\17.0.7-win32-x;c:\Users\雖團\.vscode\extensions\redhat.java-1.21.0-win32-x64\jre\17.0.7-win32;c:\Users\雖團\.vscode\extensions\redhat.java-1.21.0-win32-x64\jre\17.0.7-win32-x86_64\bin\server;C:\Users\

VM Arguments:
jvm_args: -XX:+HeapDumpOnOutOfMemoryError -Xmx1024m -Dsts.lsp.client=vscode -Dsts.log.file=/dev/null -XX:TieredStopAtLevel=1 -Xlog:jni+resolve=off -Dspring.config.location=file:c:\Users\雖團\.vscode\extensions\vmware.vscode-spring-boot-1.48.0\language-server\BOOT-INF\classes\application.properties 
java_command: org.springframework.ide.vscode.boot.app.BootLanguageServerBootApp
java_class_path (initial): c:\Users\雖團\.vscode\extensions\vmware.vscode-spring-boot-1.48.0\language-server\BOOT-INF\classes;c:\Users\雖團\.vscode\extensions\vmware.vscode-spring-boot-1.48.0\language-server\BOOT-INF\lib\annotations-24.0.1.jar;c:\Users\雖團\.vscode\extensions\vmware.vscode-spring-boot-1.48.0\language-server\BOOT-INF\lib\antlr-runtime-3.5.3.jar;c:\Users\雖團\.vscode\extensions\vmware.vscode-spring-boot-1.48.0\language-server\BOOT-INF\lib\antlr4-4.11.1.jar;c:\Users\雖團\.vscode\extensions\vmware.vscode-spring-boot-1.48.0\language-server\BOOT-INF\lib\antlr4-runtime-4.11.1.jar;c:\Users\雖團\.vscode\extensions\vmware.vscode-spring-boot-1.48.0\language-server\BOOT-INF\lib\archunit-1.0.1.jar;c:\Users\雖團\.vscode\extensions\vmware.vscode-spring-boot-1.48.0\language-server\BOOT-INF\lib\asm-9.5.jar;c:\Users\雖團\.vscode\extensions\vmware.vscode-spring-boot-1.48.0\language-server\BOOT-INF\lib\asm-analysis-9.5.jar;c:\Users\雖團\.vscode\extensions\vmware.vscode-spring-boot-1.48.0\language-server\BOOT-INF\lib\asm-tree-9.5.jar;c:\Users\雖團\.vscode\extensions\vmware.vscode-spring-boot-1.48.0\language-server\BOOT-INF\lib\asm-util-9.5.jar;c:\Users\雖團\.vscode\extensions\vmware.vscode-spring-boot-1.48.0\language-server\BOOT-INF\lib\bosh-language-server-1.48.0-SNAPSHOT.jar;c:\Users\雖團\.vscode\extensions\vmware.vscode-spring-boot-1.48.0\language-server\BOOT-INF\lib\caffeine-3.1.6.jar;c:\Users\雖團\.vscode\extensions\vmware.vscode-spring-boot-1.48.0\language-server\BOOT-INF\lib\checker-qual-3.12.0.jar;c:\Users\雖團\.vscode\extensions\vmware.vscode-spring-boot-1.48.0\language-server\BOOT-INF\lib\classgraph-4.8.149.jar;c:\Users\雖團\.vscode\extensions\vmware.vscode-spring-boot-1.48.0\language-server\BOOT-INF\lib\commons-codec-1.15.jar;c:\Users\雖團\.vscode\extensions\vmware.vscode-spring-boot-1.48.0\language-server\BOOT-INF\lib\commons-compress-1.23.0.jar;c:\Users\雖團\.vscode\extensions\vmware.vscode-spring-boot-1.48.0\language-server\BOOT-INF\lib\commons-io-2.4.ja
Launcher Type: SUN_STANDARD

[Global flags]
     intx CICompilerCount                          = 4                                         {product} {ergonomic}
     uint ConcGCThreads                            = 2                                         {product} {ergonomic}
     uint G1ConcRefinementThreads                  = 8                                         {product} {ergonomic}
   size_t G1HeapRegionSize                         = 1048576                                   {product} {ergonomic}
    uintx GCDrainStackTargetSize                   = 64                                        {product} {ergonomic}
     bool HeapDumpOnOutOfMemoryError               = true                                   {manageable} {command line}
   size_t InitialHeapSize                          = 130023424                                 {product} {ergonomic}
   size_t MarkStackSize                            = 4194304                                   {product} {ergonomic}
   size_t MaxHeapSize                              = 1073741824                                {product} {command line}
   size_t MaxNewSize                               = 643825664                                 {product} {ergonomic}
   size_t MinHeapDeltaBytes                        = 1048576                                   {product} {ergonomic}
   size_t MinHeapSize                              = 8388608                                   {product} {ergonomic}
    uintx NonProfiledCodeHeapSize                  = 0                                      {pd product} {ergonomic}
     bool ProfileInterpreter                       = false                                  {pd product} {command line}
    uintx ProfiledCodeHeapSize                     = 0                                      {pd product} {ergonomic}
   size_t SoftMaxHeapSize                          = 1073741824                             {manageable} {ergonomic}
     intx TieredStopAtLevel                        = 1                                         {product} {command line}
     bool UseCompressedClassPointers               = true                           {product lp64_product} {ergonomic}
     bool UseCompressedOops                        = true                           {product lp64_product} {ergonomic}
     bool UseG1GC                                  = true                                      {product} {ergonomic}
     bool UseLargePagesIndividualAllocation        = false                                  {pd product} {ergonomic}

Logging:
Log output configuration:
 #0: stdout all=warning,jni+resolve=off uptime,level,tags
 #1: stderr all=off uptime,level,tags

Environment Variables:
JAVA_HOME=C:\Program Files\Java\jdk-17
CLASSPATH= C:\Program Files\Java\jdk-17\lib
PATH=C:\Program Files (x86)\Microsoft SDKs\Azure\CLI2\wbin;C:\WINDOWS\system32;C:\WINDOWS;C:\WINDOWS\System32\Wbem;C:\WINDOWS\System32\WindowsPowerShell\v1.0\;C:\WINDOWS\System32\OpenSSH\;C:\Program Files\PuTTY\;C:\MinGW\bin;C:\Program Files\Java\jdk-17\bin;C:\Program Files\Git\cmd;C:\Program Files\nodejs\;C:\Program Files\Docker\Docker\resources\bin;C:\Program Files\Microsoft\Azure Functions Core Tools\;C:\Program Files\Go\bin;C:\Hugo\bin;C:\ProgramData\chocolatey\bin;C:\Program Files\MySQL\MySQL Shell 8.0\bin\;C:\Python\Python310\Scripts\;C:\Python\Python310\;C:\Users\雖團\AppData\Local\Microsoft\WindowsApps;C:\Users\雖團\AppData\Local\Programs\Microsoft VS Code\bin;;C:\Program Files\JetBrains\PyCharm Community Edition 2023.2\bin;;C:\Program Files\JetBrains\IntelliJ IDEA Community Edition 2023.1.3\bin;;C:\Users\雖團\AppData\Local\afreeca;C:\Users\雖團\AppData\Roaming\npm;C:\Users\雖團\go\bin
USERNAME=雖團
OS=Windows_NT
PROCESSOR_IDENTIFIER=Intel64 Family 6 Model 140 Stepping 1, GenuineIntel
TMP=C:\Users\雖團\AppData\Local\Temp
TEMP=C:\Users\雖團\AppData\Local\Temp



---------------  S Y S T E M  ---------------

OS:
 Windows 11 , 64 bit Build 22621 (10.0.22621.2070)
OS uptime: 5 days 9:09 hours
Hyper-V role detected

CPU: total 8 (initial active 8) (4 cores per cpu, 2 threads per core) family 6 model 140 stepping 1 microcode 0x8a, cx8, cmov, fxsr, ht, mmx, 3dnowpref, sse, sse2, sse3, ssse3, sse4.1, sse4.2, popcnt, lzcnt, tsc, tscinvbit, avx, avx2, aes, erms, clmul, bmi1, bmi2, adx, avx512f, avx512dq, avx512cd, avx512bw, avx512vl, sha, fma, vzeroupper, avx512_vpopcntdq, avx512_vpclmulqdq, avx512_vaes, avx512_vnni, clflush, clflushopt, clwb, avx512_vbmi2, avx512_vbmi, hv

Memory: 4k page, system-wide physical 7900M (441M free)
TotalPageFile size 27478M (AvailPageFile size 9M)
current process WorkingSet (physical memory assigned to process): 106M, peak: 977M
current process commit charge ("private bytes"): 368M, peak: 1154M

vm_info: OpenJDK 64-Bit Server VM (17.0.7+7) for windows-amd64 JRE (17.0.7+7), built on Apr 18 2023 22:10:42 by "temurin" with MS VC++ 16.7 (VS2019)

END.
